CRITICAL - 2022-10-07 03:17:04 --> Call to undefined function assets_url()
#0 D:\xampp\htdocs\bixdata_ci4\project-root\vendor\codeigniter4\framework\system\View\View.php(210): include()
#1 D:\xampp\htdocs\bixdata_ci4\project-root\vendor\codeigniter4\framework\system\View\View.php(213): CodeIgniter\View\View->CodeIgniter\View\{closure}()
#2 D:\xampp\htdocs\bixdata_ci4\project-root\vendor\codeigniter4\framework\system\Common.php(1089): CodeIgniter\View\View->render('BixView/Tables....', Array, true)
#3 D:\xampp\htdocs\bixdata_ci4\project-root\app\Controllers\Bixcontroller.php(102): view('BixView/Tables....')
#4 D:\xampp\htdocs\bixdata_ci4\project-root\vendor\codeigniter4\framework\system\CodeIgniter.php(832): App\Controllers\Bixcontroller->ajax_get_tables()
#5 D:\xampp\htdocs\bixdata_ci4\project-root\vendor\codeigniter4\framework\system\CodeIgniter.php(419): CodeIgniter\CodeIgniter->runController(Object(App\Controllers\Bixcontroller))
#6 D:\xampp\htdocs\bixdata_ci4\project-root\vendor\codeigniter4\framework\system\CodeIgniter.php(326): CodeIgniter\CodeIgniter->handleRequest(NULL, Object(Config\Cache), false)
#7 D:\xampp\htdocs\bixdata_ci4\project-root\public\index.php(37): CodeIgniter\CodeIgniter->run()
#8 {main}
CRITICAL - 2022-10-07 03:17:13 --> Call to undefined function assets_url()
#0 D:\xampp\htdocs\bixdata_ci4\project-root\vendor\codeigniter4\framework\system\View\View.php(210): include()
#1 D:\xampp\htdocs\bixdata_ci4\project-root\vendor\codeigniter4\framework\system\View\View.php(213): CodeIgniter\View\View->CodeIgniter\View\{closure}()
#2 D:\xampp\htdocs\bixdata_ci4\project-root\vendor\codeigniter4\framework\system\Common.php(1089): CodeIgniter\View\View->render('BixView/Tables....', Array, true)
#3 D:\xampp\htdocs\bixdata_ci4\project-root\app\Controllers\Bixcontroller.php(102): view('BixView/Tables....')
#4 D:\xampp\htdocs\bixdata_ci4\project-root\vendor\codeigniter4\framework\system\CodeIgniter.php(832): App\Controllers\Bixcontroller->ajax_get_tables()
#5 D:\xampp\htdocs\bixdata_ci4\project-root\vendor\codeigniter4\framework\system\CodeIgniter.php(419): CodeIgniter\CodeIgniter->runController(Object(App\Controllers\Bixcontroller))
#6 D:\xampp\htdocs\bixdata_ci4\project-root\vendor\codeigniter4\framework\system\CodeIgniter.php(326): CodeIgniter\CodeIgniter->handleRequest(NULL, Object(Config\Cache), false)
#7 D:\xampp\htdocs\bixdata_ci4\project-root\public\index.php(37): CodeIgniter\CodeIgniter->run()
#8 {main}
