CRITICAL - 2022-12-05 03:23:15 --> Invalid file: BixView/Tables.php
#0 D:\xampp8110\htdocs\bixdata_ci4\project-root\vendor\codeigniter4\framework\system\View\View.php(198): CodeIgniter\Exceptions\FrameworkException::forInvalidFile('BixView/Tables....')
#1 D:\xampp8110\htdocs\bixdata_ci4\project-root\vendor\codeigniter4\framework\system\Common.php(1089): CodeIgniter\View\View->render('BixView/Tables....', Array, true)
#2 D:\xampp8110\htdocs\bixdata_ci4\project-root\app\Controllers\Bixcontroller.php(153): view('BixView/Tables....', Array)
#3 D:\xampp8110\htdocs\bixdata_ci4\project-root\vendor\codeigniter4\framework\system\CodeIgniter.php(832): App\Controllers\Bixcontroller->ajax_get_tables('company')
#4 D:\xampp8110\htdocs\bixdata_ci4\project-root\vendor\codeigniter4\framework\system\CodeIgniter.php(419): CodeIgniter\CodeIgniter->runController(Object(App\Controllers\Bixcontroller))
#5 D:\xampp8110\htdocs\bixdata_ci4\project-root\vendor\codeigniter4\framework\system\CodeIgniter.php(326): CodeIgniter\CodeIgniter->handleRequest(NULL, Object(Config\Cache), false)
#6 D:\xampp8110\htdocs\bixdata_ci4\project-root\public\index.php(37): CodeIgniter\CodeIgniter->run()
#7 {main}
CRITICAL - 2022-12-05 03:23:37 --> Invalid file: BixView/Tables.php
#0 D:\xampp8110\htdocs\bixdata_ci4\project-root\vendor\codeigniter4\framework\system\View\View.php(198): CodeIgniter\Exceptions\FrameworkException::forInvalidFile('BixView/Tables....')
#1 D:\xampp8110\htdocs\bixdata_ci4\project-root\vendor\codeigniter4\framework\system\Common.php(1089): CodeIgniter\View\View->render('BixView/Tables....', Array, true)
#2 D:\xampp8110\htdocs\bixdata_ci4\project-root\app\Controllers\Bixcontroller.php(153): view('BixView/Tables....', Array)
#3 D:\xampp8110\htdocs\bixdata_ci4\project-root\vendor\codeigniter4\framework\system\CodeIgniter.php(832): App\Controllers\Bixcontroller->ajax_get_tables('company')
#4 D:\xampp8110\htdocs\bixdata_ci4\project-root\vendor\codeigniter4\framework\system\CodeIgniter.php(419): CodeIgniter\CodeIgniter->runController(Object(App\Controllers\Bixcontroller))
#5 D:\xampp8110\htdocs\bixdata_ci4\project-root\vendor\codeigniter4\framework\system\CodeIgniter.php(326): CodeIgniter\CodeIgniter->handleRequest(NULL, Object(Config\Cache), false)
#6 D:\xampp8110\htdocs\bixdata_ci4\project-root\public\index.php(37): CodeIgniter\CodeIgniter->run()
#7 {main}
CRITICAL - 2022-12-05 03:33:51 --> Undefined variable $report
#0 D:\xampp8110\htdocs\bixdata_ci4\project-root\app\Views\BixView\SearchRecords.php(239): CodeIgniter\Debug\Exceptions->errorHandler(2, 'Undefined varia...', 'D:\\xampp8110\\ht...', 239)
#1 D:\xampp8110\htdocs\bixdata_ci4\project-root\vendor\codeigniter4\framework\system\View\View.php(210): include('D:\\xampp8110\\ht...')
#2 D:\xampp8110\htdocs\bixdata_ci4\project-root\vendor\codeigniter4\framework\system\View\View.php(213): CodeIgniter\View\View->CodeIgniter\View\{closure}()
#3 D:\xampp8110\htdocs\bixdata_ci4\project-root\vendor\codeigniter4\framework\system\Common.php(1089): CodeIgniter\View\View->render('BixView/SearchR...', Array, true)
#4 D:\xampp8110\htdocs\bixdata_ci4\project-root\app\Controllers\Bixcontroller.php(142): view('BixView/SearchR...', Array)
#5 D:\xampp8110\htdocs\bixdata_ci4\project-root\vendor\codeigniter4\framework\system\CodeIgniter.php(832): App\Controllers\Bixcontroller->ajax_get_searchrecords('company')
#6 D:\xampp8110\htdocs\bixdata_ci4\project-root\vendor\codeigniter4\framework\system\CodeIgniter.php(419): CodeIgniter\CodeIgniter->runController(Object(App\Controllers\Bixcontroller))
#7 D:\xampp8110\htdocs\bixdata_ci4\project-root\vendor\codeigniter4\framework\system\CodeIgniter.php(326): CodeIgniter\CodeIgniter->handleRequest(NULL, Object(Config\Cache), false)
#8 D:\xampp8110\htdocs\bixdata_ci4\project-root\public\index.php(37): CodeIgniter\CodeIgniter->run()
#9 {main}
CRITICAL - 2022-12-05 03:34:36 --> Undefined variable $report
#0 D:\xampp8110\htdocs\bixdata_ci4\project-root\app\Views\BixView\SearchRecords.php(239): CodeIgniter\Debug\Exceptions->errorHandler(2, 'Undefined varia...', 'D:\\xampp8110\\ht...', 239)
#1 D:\xampp8110\htdocs\bixdata_ci4\project-root\vendor\codeigniter4\framework\system\View\View.php(210): include('D:\\xampp8110\\ht...')
#2 D:\xampp8110\htdocs\bixdata_ci4\project-root\vendor\codeigniter4\framework\system\View\View.php(213): CodeIgniter\View\View->CodeIgniter\View\{closure}()
#3 D:\xampp8110\htdocs\bixdata_ci4\project-root\vendor\codeigniter4\framework\system\Common.php(1089): CodeIgniter\View\View->render('BixView/SearchR...', Array, true)
#4 D:\xampp8110\htdocs\bixdata_ci4\project-root\app\Controllers\Bixcontroller.php(142): view('BixView/SearchR...', Array)
#5 D:\xampp8110\htdocs\bixdata_ci4\project-root\vendor\codeigniter4\framework\system\CodeIgniter.php(832): App\Controllers\Bixcontroller->ajax_get_searchrecords('company')
#6 D:\xampp8110\htdocs\bixdata_ci4\project-root\vendor\codeigniter4\framework\system\CodeIgniter.php(419): CodeIgniter\CodeIgniter->runController(Object(App\Controllers\Bixcontroller))
#7 D:\xampp8110\htdocs\bixdata_ci4\project-root\vendor\codeigniter4\framework\system\CodeIgniter.php(326): CodeIgniter\CodeIgniter->handleRequest(NULL, Object(Config\Cache), false)
#8 D:\xampp8110\htdocs\bixdata_ci4\project-root\public\index.php(37): CodeIgniter\CodeIgniter->run()
#9 {main}
CRITICAL - 2022-12-05 03:34:38 --> Undefined variable $report
#0 D:\xampp8110\htdocs\bixdata_ci4\project-root\app\Views\BixView\SearchRecords.php(239): CodeIgniter\Debug\Exceptions->errorHandler(2, 'Undefined varia...', 'D:\\xampp8110\\ht...', 239)
#1 D:\xampp8110\htdocs\bixdata_ci4\project-root\vendor\codeigniter4\framework\system\View\View.php(210): include('D:\\xampp8110\\ht...')
#2 D:\xampp8110\htdocs\bixdata_ci4\project-root\vendor\codeigniter4\framework\system\View\View.php(213): CodeIgniter\View\View->CodeIgniter\View\{closure}()
#3 D:\xampp8110\htdocs\bixdata_ci4\project-root\vendor\codeigniter4\framework\system\Common.php(1089): CodeIgniter\View\View->render('BixView/SearchR...', Array, true)
#4 D:\xampp8110\htdocs\bixdata_ci4\project-root\app\Controllers\Bixcontroller.php(142): view('BixView/SearchR...', Array)
#5 D:\xampp8110\htdocs\bixdata_ci4\project-root\vendor\codeigniter4\framework\system\CodeIgniter.php(832): App\Controllers\Bixcontroller->ajax_get_searchrecords('company')
#6 D:\xampp8110\htdocs\bixdata_ci4\project-root\vendor\codeigniter4\framework\system\CodeIgniter.php(419): CodeIgniter\CodeIgniter->runController(Object(App\Controllers\Bixcontroller))
#7 D:\xampp8110\htdocs\bixdata_ci4\project-root\vendor\codeigniter4\framework\system\CodeIgniter.php(326): CodeIgniter\CodeIgniter->handleRequest(NULL, Object(Config\Cache), false)
#8 D:\xampp8110\htdocs\bixdata_ci4\project-root\public\index.php(37): CodeIgniter\CodeIgniter->run()
#9 {main}
CRITICAL - 2022-12-05 03:34:57 --> Undefined variable $report
#0 D:\xampp8110\htdocs\bixdata_ci4\project-root\app\Views\BixView\SearchRecords.php(239): CodeIgniter\Debug\Exceptions->errorHandler(2, 'Undefined varia...', 'D:\\xampp8110\\ht...', 239)
#1 D:\xampp8110\htdocs\bixdata_ci4\project-root\vendor\codeigniter4\framework\system\View\View.php(210): include('D:\\xampp8110\\ht...')
#2 D:\xampp8110\htdocs\bixdata_ci4\project-root\vendor\codeigniter4\framework\system\View\View.php(213): CodeIgniter\View\View->CodeIgniter\View\{closure}()
#3 D:\xampp8110\htdocs\bixdata_ci4\project-root\vendor\codeigniter4\framework\system\Common.php(1089): CodeIgniter\View\View->render('BixView/SearchR...', Array, true)
#4 D:\xampp8110\htdocs\bixdata_ci4\project-root\app\Controllers\Bixcontroller.php(142): view('BixView/SearchR...', Array)
#5 D:\xampp8110\htdocs\bixdata_ci4\project-root\vendor\codeigniter4\framework\system\CodeIgniter.php(832): App\Controllers\Bixcontroller->ajax_get_searchrecords('company')
#6 D:\xampp8110\htdocs\bixdata_ci4\project-root\vendor\codeigniter4\framework\system\CodeIgniter.php(419): CodeIgniter\CodeIgniter->runController(Object(App\Controllers\Bixcontroller))
#7 D:\xampp8110\htdocs\bixdata_ci4\project-root\vendor\codeigniter4\framework\system\CodeIgniter.php(326): CodeIgniter\CodeIgniter->handleRequest(NULL, Object(Config\Cache), false)
#8 D:\xampp8110\htdocs\bixdata_ci4\project-root\public\index.php(37): CodeIgniter\CodeIgniter->run()
#9 {main}
CRITICAL - 2022-12-05 03:35:15 --> Undefined variable $report
#0 D:\xampp8110\htdocs\bixdata_ci4\project-root\app\Views\BixView\SearchRecords.php(239): CodeIgniter\Debug\Exceptions->errorHandler(2, 'Undefined varia...', 'D:\\xampp8110\\ht...', 239)
#1 D:\xampp8110\htdocs\bixdata_ci4\project-root\vendor\codeigniter4\framework\system\View\View.php(210): include('D:\\xampp8110\\ht...')
#2 D:\xampp8110\htdocs\bixdata_ci4\project-root\vendor\codeigniter4\framework\system\View\View.php(213): CodeIgniter\View\View->CodeIgniter\View\{closure}()
#3 D:\xampp8110\htdocs\bixdata_ci4\project-root\vendor\codeigniter4\framework\system\Common.php(1089): CodeIgniter\View\View->render('BixView/SearchR...', Array, true)
#4 D:\xampp8110\htdocs\bixdata_ci4\project-root\app\Controllers\Bixcontroller.php(142): view('BixView/SearchR...', Array)
#5 D:\xampp8110\htdocs\bixdata_ci4\project-root\vendor\codeigniter4\framework\system\CodeIgniter.php(832): App\Controllers\Bixcontroller->ajax_get_searchrecords('company')
#6 D:\xampp8110\htdocs\bixdata_ci4\project-root\vendor\codeigniter4\framework\system\CodeIgniter.php(419): CodeIgniter\CodeIgniter->runController(Object(App\Controllers\Bixcontroller))
#7 D:\xampp8110\htdocs\bixdata_ci4\project-root\vendor\codeigniter4\framework\system\CodeIgniter.php(326): CodeIgniter\CodeIgniter->handleRequest(NULL, Object(Config\Cache), false)
#8 D:\xampp8110\htdocs\bixdata_ci4\project-root\public\index.php(37): CodeIgniter\CodeIgniter->run()
#9 {main}
