CRITICAL - 2022-10-12 09:55:46 --> Unmatched '}'
#0 D:\xampp\htdocs\bixdata_ci4\project-root\vendor\codeigniter4\framework\system\View\View.php(213): CodeIgniter\View\View->CodeIgniter\View\{closure}()
#1 D:\xampp\htdocs\bixdata_ci4\project-root\vendor\codeigniter4\framework\system\Common.php(1089): CodeIgniter\View\View->render('BixView/Bixdata...', Array, true)
#2 D:\xampp\htdocs\bixdata_ci4\project-root\app\Controllers\Bixcontroller.php(37): view('BixView/Bixdata...', Array)
#3 D:\xampp\htdocs\bixdata_ci4\project-root\app\Controllers\Bixcontroller.php(98): App\Controllers\Bixcontroller->get_bixdata('')
#4 D:\xampp\htdocs\bixdata_ci4\project-root\app\Controllers\Bixcontroller.php(62): App\Controllers\Bixcontroller->get_view_login()
#5 D:\xampp\htdocs\bixdata_ci4\project-root\vendor\codeigniter4\framework\system\CodeIgniter.php(832): App\Controllers\Bixcontroller->index()
#6 D:\xampp\htdocs\bixdata_ci4\project-root\vendor\codeigniter4\framework\system\CodeIgniter.php(419): CodeIgniter\CodeIgniter->runController(Object(App\Controllers\Bixcontroller))
#7 D:\xampp\htdocs\bixdata_ci4\project-root\vendor\codeigniter4\framework\system\CodeIgniter.php(326): CodeIgniter\CodeIgniter->handleRequest(NULL, Object(Config\Cache), false)
#8 D:\xampp\htdocs\bixdata_ci4\project-root\public\index.php(37): CodeIgniter\CodeIgniter->run()
#9 {main}
CRITICAL - 2022-10-12 09:56:25 --> Unmatched '}'
#0 D:\xampp\htdocs\bixdata_ci4\project-root\vendor\codeigniter4\framework\system\View\View.php(213): CodeIgniter\View\View->CodeIgniter\View\{closure}()
#1 D:\xampp\htdocs\bixdata_ci4\project-root\vendor\codeigniter4\framework\system\Common.php(1089): CodeIgniter\View\View->render('BixView/Bixdata...', Array, true)
#2 D:\xampp\htdocs\bixdata_ci4\project-root\app\Controllers\Bixcontroller.php(37): view('BixView/Bixdata...', Array)
#3 D:\xampp\htdocs\bixdata_ci4\project-root\app\Controllers\Bixcontroller.php(98): App\Controllers\Bixcontroller->get_bixdata('')
#4 D:\xampp\htdocs\bixdata_ci4\project-root\app\Controllers\Bixcontroller.php(62): App\Controllers\Bixcontroller->get_view_login()
#5 D:\xampp\htdocs\bixdata_ci4\project-root\vendor\codeigniter4\framework\system\CodeIgniter.php(832): App\Controllers\Bixcontroller->index()
#6 D:\xampp\htdocs\bixdata_ci4\project-root\vendor\codeigniter4\framework\system\CodeIgniter.php(419): CodeIgniter\CodeIgniter->runController(Object(App\Controllers\Bixcontroller))
#7 D:\xampp\htdocs\bixdata_ci4\project-root\vendor\codeigniter4\framework\system\CodeIgniter.php(326): CodeIgniter\CodeIgniter->handleRequest(NULL, Object(Config\Cache), false)
#8 D:\xampp\htdocs\bixdata_ci4\project-root\public\index.php(37): CodeIgniter\CodeIgniter->run()
#9 {main}
