CRITICAL - 2022-10-20 01:27:26 --> Undefined array key "counter"
#0 D:\xampp\htdocs\bixdata_ci4\project-root\app\Views\BixView\test_array.php(32): CodeIgniter\Debug\Exceptions->errorHandler(2, 'Undefined array...', 'D:\\xampp\\htdocs...', 32)
#1 D:\xampp\htdocs\bixdata_ci4\project-root\vendor\codeigniter4\framework\system\View\View.php(210): include('D:\\xampp\\htdocs...')
#2 D:\xampp\htdocs\bixdata_ci4\project-root\vendor\codeigniter4\framework\system\View\View.php(213): CodeIgniter\View\View->CodeIgniter\View\{closure}()
#3 D:\xampp\htdocs\bixdata_ci4\project-root\vendor\codeigniter4\framework\system\Common.php(1089): CodeIgniter\View\View->render('BixView/test_ar...', Array, true)
#4 D:\xampp\htdocs\bixdata_ci4\project-root\app\Controllers\Bixcontroller.php(310): view('BixView/test_ar...', Array)
#5 D:\xampp\htdocs\bixdata_ci4\project-root\vendor\codeigniter4\framework\system\CodeIgniter.php(832): App\Controllers\Bixcontroller->test_array()
#6 D:\xampp\htdocs\bixdata_ci4\project-root\vendor\codeigniter4\framework\system\CodeIgniter.php(419): CodeIgniter\CodeIgniter->runController(Object(App\Controllers\Bixcontroller))
#7 D:\xampp\htdocs\bixdata_ci4\project-root\vendor\codeigniter4\framework\system\CodeIgniter.php(326): CodeIgniter\CodeIgniter->handleRequest(NULL, Object(Config\Cache), false)
#8 D:\xampp\htdocs\bixdata_ci4\project-root\public\index.php(37): CodeIgniter\CodeIgniter->run()
#9 {main}
CRITICAL - 2022-10-20 01:28:39 --> Undefined array key "counter"
#0 D:\xampp\htdocs\bixdata_ci4\project-root\app\Views\BixView\test_array.php(32): CodeIgniter\Debug\Exceptions->errorHandler(2, 'Undefined array...', 'D:\\xampp\\htdocs...', 32)
#1 D:\xampp\htdocs\bixdata_ci4\project-root\vendor\codeigniter4\framework\system\View\View.php(210): include('D:\\xampp\\htdocs...')
#2 D:\xampp\htdocs\bixdata_ci4\project-root\vendor\codeigniter4\framework\system\View\View.php(213): CodeIgniter\View\View->CodeIgniter\View\{closure}()
#3 D:\xampp\htdocs\bixdata_ci4\project-root\vendor\codeigniter4\framework\system\Common.php(1089): CodeIgniter\View\View->render('BixView/test_ar...', Array, true)
#4 D:\xampp\htdocs\bixdata_ci4\project-root\app\Controllers\Bixcontroller.php(310): view('BixView/test_ar...', Array)
#5 D:\xampp\htdocs\bixdata_ci4\project-root\vendor\codeigniter4\framework\system\CodeIgniter.php(832): App\Controllers\Bixcontroller->test_array()
#6 D:\xampp\htdocs\bixdata_ci4\project-root\vendor\codeigniter4\framework\system\CodeIgniter.php(419): CodeIgniter\CodeIgniter->runController(Object(App\Controllers\Bixcontroller))
#7 D:\xampp\htdocs\bixdata_ci4\project-root\vendor\codeigniter4\framework\system\CodeIgniter.php(326): CodeIgniter\CodeIgniter->handleRequest(NULL, Object(Config\Cache), false)
#8 D:\xampp\htdocs\bixdata_ci4\project-root\public\index.php(37): CodeIgniter\CodeIgniter->run()
#9 {main}
CRITICAL - 2022-10-20 01:28:43 --> Undefined array key "counter"
#0 D:\xampp\htdocs\bixdata_ci4\project-root\app\Views\BixView\test_array.php(32): CodeIgniter\Debug\Exceptions->errorHandler(2, 'Undefined array...', 'D:\\xampp\\htdocs...', 32)
#1 D:\xampp\htdocs\bixdata_ci4\project-root\vendor\codeigniter4\framework\system\View\View.php(210): include('D:\\xampp\\htdocs...')
#2 D:\xampp\htdocs\bixdata_ci4\project-root\vendor\codeigniter4\framework\system\View\View.php(213): CodeIgniter\View\View->CodeIgniter\View\{closure}()
#3 D:\xampp\htdocs\bixdata_ci4\project-root\vendor\codeigniter4\framework\system\Common.php(1089): CodeIgniter\View\View->render('BixView/test_ar...', Array, true)
#4 D:\xampp\htdocs\bixdata_ci4\project-root\app\Controllers\Bixcontroller.php(310): view('BixView/test_ar...', Array)
#5 D:\xampp\htdocs\bixdata_ci4\project-root\vendor\codeigniter4\framework\system\CodeIgniter.php(832): App\Controllers\Bixcontroller->test_array()
#6 D:\xampp\htdocs\bixdata_ci4\project-root\vendor\codeigniter4\framework\system\CodeIgniter.php(419): CodeIgniter\CodeIgniter->runController(Object(App\Controllers\Bixcontroller))
#7 D:\xampp\htdocs\bixdata_ci4\project-root\vendor\codeigniter4\framework\system\CodeIgniter.php(326): CodeIgniter\CodeIgniter->handleRequest(NULL, Object(Config\Cache), false)
#8 D:\xampp\htdocs\bixdata_ci4\project-root\public\index.php(37): CodeIgniter\CodeIgniter->run()
#9 {main}
CRITICAL - 2022-10-20 01:29:18 --> Undefined array key "state"
#0 D:\xampp\htdocs\bixdata_ci4\project-root\app\Views\BixView\test_array.php(32): CodeIgniter\Debug\Exceptions->errorHandler(2, 'Undefined array...', 'D:\\xampp\\htdocs...', 32)
#1 D:\xampp\htdocs\bixdata_ci4\project-root\vendor\codeigniter4\framework\system\View\View.php(210): include('D:\\xampp\\htdocs...')
#2 D:\xampp\htdocs\bixdata_ci4\project-root\vendor\codeigniter4\framework\system\View\View.php(213): CodeIgniter\View\View->CodeIgniter\View\{closure}()
#3 D:\xampp\htdocs\bixdata_ci4\project-root\vendor\codeigniter4\framework\system\Common.php(1089): CodeIgniter\View\View->render('BixView/test_ar...', Array, true)
#4 D:\xampp\htdocs\bixdata_ci4\project-root\app\Controllers\Bixcontroller.php(310): view('BixView/test_ar...', Array)
#5 D:\xampp\htdocs\bixdata_ci4\project-root\vendor\codeigniter4\framework\system\CodeIgniter.php(832): App\Controllers\Bixcontroller->test_array()
#6 D:\xampp\htdocs\bixdata_ci4\project-root\vendor\codeigniter4\framework\system\CodeIgniter.php(419): CodeIgniter\CodeIgniter->runController(Object(App\Controllers\Bixcontroller))
#7 D:\xampp\htdocs\bixdata_ci4\project-root\vendor\codeigniter4\framework\system\CodeIgniter.php(326): CodeIgniter\CodeIgniter->handleRequest(NULL, Object(Config\Cache), false)
#8 D:\xampp\htdocs\bixdata_ci4\project-root\public\index.php(37): CodeIgniter\CodeIgniter->run()
#9 {main}
