CRITICAL - 2022-08-25 08:48:08 --> syntax error, unexpected token "}", expecting ";"
#0 D:\xampp\htdocs\bixdata_ci4\project-root\vendor\codeigniter4\framework\system\Router\Router.php(175): CodeIgniter\Router\Router->autoRoute('Bixcontroller/r...')
#1 D:\xampp\htdocs\bixdata_ci4\project-root\vendor\codeigniter4\framework\system\CodeIgniter.php(726): CodeIgniter\Router\Router->handle('Bixcontroller/r...')
#2 D:\xampp\htdocs\bixdata_ci4\project-root\vendor\codeigniter4\framework\system\CodeIgniter.php(368): CodeIgniter\CodeIgniter->tryToRouteIt(Object(CodeIgniter\Router\RouteCollection))
#3 D:\xampp\htdocs\bixdata_ci4\project-root\vendor\codeigniter4\framework\system\CodeIgniter.php(326): CodeIgniter\CodeIgniter->handleRequest(NULL, Object(Config\Cache), false)
#4 D:\xampp\htdocs\bixdata_ci4\project-root\public\index.php(37): CodeIgniter\CodeIgniter->run()
#5 {main}
CRITICAL - 2022-08-25 08:48:13 --> syntax error, unexpected token "}", expecting ";"
#0 D:\xampp\htdocs\bixdata_ci4\project-root\vendor\codeigniter4\framework\system\Router\Router.php(175): CodeIgniter\Router\Router->autoRoute('Bixcontroller/r...')
#1 D:\xampp\htdocs\bixdata_ci4\project-root\vendor\codeigniter4\framework\system\CodeIgniter.php(726): CodeIgniter\Router\Router->handle('Bixcontroller/r...')
#2 D:\xampp\htdocs\bixdata_ci4\project-root\vendor\codeigniter4\framework\system\CodeIgniter.php(368): CodeIgniter\CodeIgniter->tryToRouteIt(Object(CodeIgniter\Router\RouteCollection))
#3 D:\xampp\htdocs\bixdata_ci4\project-root\vendor\codeigniter4\framework\system\CodeIgniter.php(326): CodeIgniter\CodeIgniter->handleRequest(NULL, Object(Config\Cache), false)
#4 D:\xampp\htdocs\bixdata_ci4\project-root\public\index.php(37): CodeIgniter\CodeIgniter->run()
#5 {main}
CRITICAL - 2022-08-25 08:48:13 --> syntax error, unexpected token "}", expecting ";"
#0 D:\xampp\htdocs\bixdata_ci4\project-root\vendor\codeigniter4\framework\system\Router\Router.php(175): CodeIgniter\Router\Router->autoRoute('Bixcontroller/r...')
#1 D:\xampp\htdocs\bixdata_ci4\project-root\vendor\codeigniter4\framework\system\CodeIgniter.php(726): CodeIgniter\Router\Router->handle('Bixcontroller/r...')
#2 D:\xampp\htdocs\bixdata_ci4\project-root\vendor\codeigniter4\framework\system\CodeIgniter.php(368): CodeIgniter\CodeIgniter->tryToRouteIt(Object(CodeIgniter\Router\RouteCollection))
#3 D:\xampp\htdocs\bixdata_ci4\project-root\vendor\codeigniter4\framework\system\CodeIgniter.php(326): CodeIgniter\CodeIgniter->handleRequest(NULL, Object(Config\Cache), false)
#4 D:\xampp\htdocs\bixdata_ci4\project-root\public\index.php(37): CodeIgniter\CodeIgniter->run()
#5 {main}
CRITICAL - 2022-08-25 08:48:13 --> syntax error, unexpected token "}", expecting ";"
#0 D:\xampp\htdocs\bixdata_ci4\project-root\vendor\codeigniter4\framework\system\Router\Router.php(175): CodeIgniter\Router\Router->autoRoute('Bixcontroller/r...')
#1 D:\xampp\htdocs\bixdata_ci4\project-root\vendor\codeigniter4\framework\system\CodeIgniter.php(726): CodeIgniter\Router\Router->handle('Bixcontroller/r...')
#2 D:\xampp\htdocs\bixdata_ci4\project-root\vendor\codeigniter4\framework\system\CodeIgniter.php(368): CodeIgniter\CodeIgniter->tryToRouteIt(Object(CodeIgniter\Router\RouteCollection))
#3 D:\xampp\htdocs\bixdata_ci4\project-root\vendor\codeigniter4\framework\system\CodeIgniter.php(326): CodeIgniter\CodeIgniter->handleRequest(NULL, Object(Config\Cache), false)
#4 D:\xampp\htdocs\bixdata_ci4\project-root\public\index.php(37): CodeIgniter\CodeIgniter->run()
#5 {main}
CRITICAL - 2022-08-25 08:48:13 --> syntax error, unexpected token "}", expecting ";"
#0 D:\xampp\htdocs\bixdata_ci4\project-root\vendor\codeigniter4\framework\system\Router\Router.php(175): CodeIgniter\Router\Router->autoRoute('Bixcontroller/r...')
#1 D:\xampp\htdocs\bixdata_ci4\project-root\vendor\codeigniter4\framework\system\CodeIgniter.php(726): CodeIgniter\Router\Router->handle('Bixcontroller/r...')
#2 D:\xampp\htdocs\bixdata_ci4\project-root\vendor\codeigniter4\framework\system\CodeIgniter.php(368): CodeIgniter\CodeIgniter->tryToRouteIt(Object(CodeIgniter\Router\RouteCollection))
#3 D:\xampp\htdocs\bixdata_ci4\project-root\vendor\codeigniter4\framework\system\CodeIgniter.php(326): CodeIgniter\CodeIgniter->handleRequest(NULL, Object(Config\Cache), false)
#4 D:\xampp\htdocs\bixdata_ci4\project-root\public\index.php(37): CodeIgniter\CodeIgniter->run()
#5 {main}
CRITICAL - 2022-08-25 08:48:14 --> syntax error, unexpected token "}", expecting ";"
#0 D:\xampp\htdocs\bixdata_ci4\project-root\vendor\codeigniter4\framework\system\Router\Router.php(175): CodeIgniter\Router\Router->autoRoute('Bixcontroller/r...')
#1 D:\xampp\htdocs\bixdata_ci4\project-root\vendor\codeigniter4\framework\system\CodeIgniter.php(726): CodeIgniter\Router\Router->handle('Bixcontroller/r...')
#2 D:\xampp\htdocs\bixdata_ci4\project-root\vendor\codeigniter4\framework\system\CodeIgniter.php(368): CodeIgniter\CodeIgniter->tryToRouteIt(Object(CodeIgniter\Router\RouteCollection))
#3 D:\xampp\htdocs\bixdata_ci4\project-root\vendor\codeigniter4\framework\system\CodeIgniter.php(326): CodeIgniter\CodeIgniter->handleRequest(NULL, Object(Config\Cache), false)
#4 D:\xampp\htdocs\bixdata_ci4\project-root\public\index.php(37): CodeIgniter\CodeIgniter->run()
#5 {main}
CRITICAL - 2022-08-25 08:48:14 --> syntax error, unexpected token "}", expecting ";"
#0 D:\xampp\htdocs\bixdata_ci4\project-root\vendor\codeigniter4\framework\system\Router\Router.php(175): CodeIgniter\Router\Router->autoRoute('Bixcontroller/r...')
#1 D:\xampp\htdocs\bixdata_ci4\project-root\vendor\codeigniter4\framework\system\CodeIgniter.php(726): CodeIgniter\Router\Router->handle('Bixcontroller/r...')
#2 D:\xampp\htdocs\bixdata_ci4\project-root\vendor\codeigniter4\framework\system\CodeIgniter.php(368): CodeIgniter\CodeIgniter->tryToRouteIt(Object(CodeIgniter\Router\RouteCollection))
#3 D:\xampp\htdocs\bixdata_ci4\project-root\vendor\codeigniter4\framework\system\CodeIgniter.php(326): CodeIgniter\CodeIgniter->handleRequest(NULL, Object(Config\Cache), false)
#4 D:\xampp\htdocs\bixdata_ci4\project-root\public\index.php(37): CodeIgniter\CodeIgniter->run()
#5 {main}
CRITICAL - 2022-08-25 08:48:14 --> syntax error, unexpected token "}", expecting ";"
#0 D:\xampp\htdocs\bixdata_ci4\project-root\vendor\codeigniter4\framework\system\Router\Router.php(175): CodeIgniter\Router\Router->autoRoute('Bixcontroller/r...')
#1 D:\xampp\htdocs\bixdata_ci4\project-root\vendor\codeigniter4\framework\system\CodeIgniter.php(726): CodeIgniter\Router\Router->handle('Bixcontroller/r...')
#2 D:\xampp\htdocs\bixdata_ci4\project-root\vendor\codeigniter4\framework\system\CodeIgniter.php(368): CodeIgniter\CodeIgniter->tryToRouteIt(Object(CodeIgniter\Router\RouteCollection))
#3 D:\xampp\htdocs\bixdata_ci4\project-root\vendor\codeigniter4\framework\system\CodeIgniter.php(326): CodeIgniter\CodeIgniter->handleRequest(NULL, Object(Config\Cache), false)
#4 D:\xampp\htdocs\bixdata_ci4\project-root\public\index.php(37): CodeIgniter\CodeIgniter->run()
#5 {main}
CRITICAL - 2022-08-25 08:48:14 --> syntax error, unexpected token "}", expecting ";"
#0 D:\xampp\htdocs\bixdata_ci4\project-root\vendor\codeigniter4\framework\system\Router\Router.php(175): CodeIgniter\Router\Router->autoRoute('Bixcontroller/r...')
#1 D:\xampp\htdocs\bixdata_ci4\project-root\vendor\codeigniter4\framework\system\CodeIgniter.php(726): CodeIgniter\Router\Router->handle('Bixcontroller/r...')
#2 D:\xampp\htdocs\bixdata_ci4\project-root\vendor\codeigniter4\framework\system\CodeIgniter.php(368): CodeIgniter\CodeIgniter->tryToRouteIt(Object(CodeIgniter\Router\RouteCollection))
#3 D:\xampp\htdocs\bixdata_ci4\project-root\vendor\codeigniter4\framework\system\CodeIgniter.php(326): CodeIgniter\CodeIgniter->handleRequest(NULL, Object(Config\Cache), false)
#4 D:\xampp\htdocs\bixdata_ci4\project-root\public\index.php(37): CodeIgniter\CodeIgniter->run()
#5 {main}
CRITICAL - 2022-08-25 08:48:14 --> syntax error, unexpected token "}", expecting ";"
#0 D:\xampp\htdocs\bixdata_ci4\project-root\vendor\codeigniter4\framework\system\Router\Router.php(175): CodeIgniter\Router\Router->autoRoute('Bixcontroller/r...')
#1 D:\xampp\htdocs\bixdata_ci4\project-root\vendor\codeigniter4\framework\system\CodeIgniter.php(726): CodeIgniter\Router\Router->handle('Bixcontroller/r...')
#2 D:\xampp\htdocs\bixdata_ci4\project-root\vendor\codeigniter4\framework\system\CodeIgniter.php(368): CodeIgniter\CodeIgniter->tryToRouteIt(Object(CodeIgniter\Router\RouteCollection))
#3 D:\xampp\htdocs\bixdata_ci4\project-root\vendor\codeigniter4\framework\system\CodeIgniter.php(326): CodeIgniter\CodeIgniter->handleRequest(NULL, Object(Config\Cache), false)
#4 D:\xampp\htdocs\bixdata_ci4\project-root\public\index.php(37): CodeIgniter\CodeIgniter->run()
#5 {main}
CRITICAL - 2022-08-25 08:48:14 --> syntax error, unexpected token "}", expecting ";"
#0 D:\xampp\htdocs\bixdata_ci4\project-root\vendor\codeigniter4\framework\system\Router\Router.php(175): CodeIgniter\Router\Router->autoRoute('Bixcontroller/r...')
#1 D:\xampp\htdocs\bixdata_ci4\project-root\vendor\codeigniter4\framework\system\CodeIgniter.php(726): CodeIgniter\Router\Router->handle('Bixcontroller/r...')
#2 D:\xampp\htdocs\bixdata_ci4\project-root\vendor\codeigniter4\framework\system\CodeIgniter.php(368): CodeIgniter\CodeIgniter->tryToRouteIt(Object(CodeIgniter\Router\RouteCollection))
#3 D:\xampp\htdocs\bixdata_ci4\project-root\vendor\codeigniter4\framework\system\CodeIgniter.php(326): CodeIgniter\CodeIgniter->handleRequest(NULL, Object(Config\Cache), false)
#4 D:\xampp\htdocs\bixdata_ci4\project-root\public\index.php(37): CodeIgniter\CodeIgniter->run()
#5 {main}
CRITICAL - 2022-08-25 08:48:15 --> syntax error, unexpected token "}", expecting ";"
#0 D:\xampp\htdocs\bixdata_ci4\project-root\vendor\codeigniter4\framework\system\Router\Router.php(175): CodeIgniter\Router\Router->autoRoute('Bixcontroller/r...')
#1 D:\xampp\htdocs\bixdata_ci4\project-root\vendor\codeigniter4\framework\system\CodeIgniter.php(726): CodeIgniter\Router\Router->handle('Bixcontroller/r...')
#2 D:\xampp\htdocs\bixdata_ci4\project-root\vendor\codeigniter4\framework\system\CodeIgniter.php(368): CodeIgniter\CodeIgniter->tryToRouteIt(Object(CodeIgniter\Router\RouteCollection))
#3 D:\xampp\htdocs\bixdata_ci4\project-root\vendor\codeigniter4\framework\system\CodeIgniter.php(326): CodeIgniter\CodeIgniter->handleRequest(NULL, Object(Config\Cache), false)
#4 D:\xampp\htdocs\bixdata_ci4\project-root\public\index.php(37): CodeIgniter\CodeIgniter->run()
#5 {main}
CRITICAL - 2022-08-25 08:48:15 --> syntax error, unexpected token "}", expecting ";"
#0 D:\xampp\htdocs\bixdata_ci4\project-root\vendor\codeigniter4\framework\system\Router\Router.php(175): CodeIgniter\Router\Router->autoRoute('Bixcontroller/r...')
#1 D:\xampp\htdocs\bixdata_ci4\project-root\vendor\codeigniter4\framework\system\CodeIgniter.php(726): CodeIgniter\Router\Router->handle('Bixcontroller/r...')
#2 D:\xampp\htdocs\bixdata_ci4\project-root\vendor\codeigniter4\framework\system\CodeIgniter.php(368): CodeIgniter\CodeIgniter->tryToRouteIt(Object(CodeIgniter\Router\RouteCollection))
#3 D:\xampp\htdocs\bixdata_ci4\project-root\vendor\codeigniter4\framework\system\CodeIgniter.php(326): CodeIgniter\CodeIgniter->handleRequest(NULL, Object(Config\Cache), false)
#4 D:\xampp\htdocs\bixdata_ci4\project-root\public\index.php(37): CodeIgniter\CodeIgniter->run()
#5 {main}
CRITICAL - 2022-08-25 08:48:15 --> syntax error, unexpected token "}", expecting ";"
#0 D:\xampp\htdocs\bixdata_ci4\project-root\vendor\codeigniter4\framework\system\Router\Router.php(175): CodeIgniter\Router\Router->autoRoute('Bixcontroller/r...')
#1 D:\xampp\htdocs\bixdata_ci4\project-root\vendor\codeigniter4\framework\system\CodeIgniter.php(726): CodeIgniter\Router\Router->handle('Bixcontroller/r...')
#2 D:\xampp\htdocs\bixdata_ci4\project-root\vendor\codeigniter4\framework\system\CodeIgniter.php(368): CodeIgniter\CodeIgniter->tryToRouteIt(Object(CodeIgniter\Router\RouteCollection))
#3 D:\xampp\htdocs\bixdata_ci4\project-root\vendor\codeigniter4\framework\system\CodeIgniter.php(326): CodeIgniter\CodeIgniter->handleRequest(NULL, Object(Config\Cache), false)
#4 D:\xampp\htdocs\bixdata_ci4\project-root\public\index.php(37): CodeIgniter\CodeIgniter->run()
#5 {main}
CRITICAL - 2022-08-25 08:48:15 --> syntax error, unexpected token "}", expecting ";"
#0 D:\xampp\htdocs\bixdata_ci4\project-root\vendor\codeigniter4\framework\system\Router\Router.php(175): CodeIgniter\Router\Router->autoRoute('Bixcontroller/r...')
#1 D:\xampp\htdocs\bixdata_ci4\project-root\vendor\codeigniter4\framework\system\CodeIgniter.php(726): CodeIgniter\Router\Router->handle('Bixcontroller/r...')
#2 D:\xampp\htdocs\bixdata_ci4\project-root\vendor\codeigniter4\framework\system\CodeIgniter.php(368): CodeIgniter\CodeIgniter->tryToRouteIt(Object(CodeIgniter\Router\RouteCollection))
#3 D:\xampp\htdocs\bixdata_ci4\project-root\vendor\codeigniter4\framework\system\CodeIgniter.php(326): CodeIgniter\CodeIgniter->handleRequest(NULL, Object(Config\Cache), false)
#4 D:\xampp\htdocs\bixdata_ci4\project-root\public\index.php(37): CodeIgniter\CodeIgniter->run()
#5 {main}
CRITICAL - 2022-08-25 08:48:15 --> syntax error, unexpected token "}", expecting ";"
#0 D:\xampp\htdocs\bixdata_ci4\project-root\vendor\codeigniter4\framework\system\Router\Router.php(175): CodeIgniter\Router\Router->autoRoute('Bixcontroller/r...')
#1 D:\xampp\htdocs\bixdata_ci4\project-root\vendor\codeigniter4\framework\system\CodeIgniter.php(726): CodeIgniter\Router\Router->handle('Bixcontroller/r...')
#2 D:\xampp\htdocs\bixdata_ci4\project-root\vendor\codeigniter4\framework\system\CodeIgniter.php(368): CodeIgniter\CodeIgniter->tryToRouteIt(Object(CodeIgniter\Router\RouteCollection))
#3 D:\xampp\htdocs\bixdata_ci4\project-root\vendor\codeigniter4\framework\system\CodeIgniter.php(326): CodeIgniter\CodeIgniter->handleRequest(NULL, Object(Config\Cache), false)
#4 D:\xampp\htdocs\bixdata_ci4\project-root\public\index.php(37): CodeIgniter\CodeIgniter->run()
#5 {main}
CRITICAL - 2022-08-25 08:48:15 --> syntax error, unexpected token "}", expecting ";"
#0 D:\xampp\htdocs\bixdata_ci4\project-root\vendor\codeigniter4\framework\system\Router\Router.php(175): CodeIgniter\Router\Router->autoRoute('Bixcontroller/r...')
#1 D:\xampp\htdocs\bixdata_ci4\project-root\vendor\codeigniter4\framework\system\CodeIgniter.php(726): CodeIgniter\Router\Router->handle('Bixcontroller/r...')
#2 D:\xampp\htdocs\bixdata_ci4\project-root\vendor\codeigniter4\framework\system\CodeIgniter.php(368): CodeIgniter\CodeIgniter->tryToRouteIt(Object(CodeIgniter\Router\RouteCollection))
#3 D:\xampp\htdocs\bixdata_ci4\project-root\vendor\codeigniter4\framework\system\CodeIgniter.php(326): CodeIgniter\CodeIgniter->handleRequest(NULL, Object(Config\Cache), false)
#4 D:\xampp\htdocs\bixdata_ci4\project-root\public\index.php(37): CodeIgniter\CodeIgniter->run()
#5 {main}
CRITICAL - 2022-08-25 08:48:16 --> syntax error, unexpected token "}", expecting ";"
#0 D:\xampp\htdocs\bixdata_ci4\project-root\vendor\codeigniter4\framework\system\Router\Router.php(175): CodeIgniter\Router\Router->autoRoute('Bixcontroller/r...')
#1 D:\xampp\htdocs\bixdata_ci4\project-root\vendor\codeigniter4\framework\system\CodeIgniter.php(726): CodeIgniter\Router\Router->handle('Bixcontroller/r...')
#2 D:\xampp\htdocs\bixdata_ci4\project-root\vendor\codeigniter4\framework\system\CodeIgniter.php(368): CodeIgniter\CodeIgniter->tryToRouteIt(Object(CodeIgniter\Router\RouteCollection))
#3 D:\xampp\htdocs\bixdata_ci4\project-root\vendor\codeigniter4\framework\system\CodeIgniter.php(326): CodeIgniter\CodeIgniter->handleRequest(NULL, Object(Config\Cache), false)
#4 D:\xampp\htdocs\bixdata_ci4\project-root\public\index.php(37): CodeIgniter\CodeIgniter->run()
#5 {main}
CRITICAL - 2022-08-25 08:48:16 --> syntax error, unexpected token "}", expecting ";"
#0 D:\xampp\htdocs\bixdata_ci4\project-root\vendor\codeigniter4\framework\system\Router\Router.php(175): CodeIgniter\Router\Router->autoRoute('Bixcontroller/r...')
#1 D:\xampp\htdocs\bixdata_ci4\project-root\vendor\codeigniter4\framework\system\CodeIgniter.php(726): CodeIgniter\Router\Router->handle('Bixcontroller/r...')
#2 D:\xampp\htdocs\bixdata_ci4\project-root\vendor\codeigniter4\framework\system\CodeIgniter.php(368): CodeIgniter\CodeIgniter->tryToRouteIt(Object(CodeIgniter\Router\RouteCollection))
#3 D:\xampp\htdocs\bixdata_ci4\project-root\vendor\codeigniter4\framework\system\CodeIgniter.php(326): CodeIgniter\CodeIgniter->handleRequest(NULL, Object(Config\Cache), false)
#4 D:\xampp\htdocs\bixdata_ci4\project-root\public\index.php(37): CodeIgniter\CodeIgniter->run()
#5 {main}
CRITICAL - 2022-08-25 08:48:16 --> syntax error, unexpected token "}", expecting ";"
#0 D:\xampp\htdocs\bixdata_ci4\project-root\vendor\codeigniter4\framework\system\Router\Router.php(175): CodeIgniter\Router\Router->autoRoute('Bixcontroller/r...')
#1 D:\xampp\htdocs\bixdata_ci4\project-root\vendor\codeigniter4\framework\system\CodeIgniter.php(726): CodeIgniter\Router\Router->handle('Bixcontroller/r...')
#2 D:\xampp\htdocs\bixdata_ci4\project-root\vendor\codeigniter4\framework\system\CodeIgniter.php(368): CodeIgniter\CodeIgniter->tryToRouteIt(Object(CodeIgniter\Router\RouteCollection))
#3 D:\xampp\htdocs\bixdata_ci4\project-root\vendor\codeigniter4\framework\system\CodeIgniter.php(326): CodeIgniter\CodeIgniter->handleRequest(NULL, Object(Config\Cache), false)
#4 D:\xampp\htdocs\bixdata_ci4\project-root\public\index.php(37): CodeIgniter\CodeIgniter->run()
#5 {main}
CRITICAL - 2022-08-25 08:48:17 --> syntax error, unexpected token "}", expecting ";"
#0 D:\xampp\htdocs\bixdata_ci4\project-root\vendor\codeigniter4\framework\system\Router\Router.php(175): CodeIgniter\Router\Router->autoRoute('Bixcontroller/r...')
#1 D:\xampp\htdocs\bixdata_ci4\project-root\vendor\codeigniter4\framework\system\CodeIgniter.php(726): CodeIgniter\Router\Router->handle('Bixcontroller/r...')
#2 D:\xampp\htdocs\bixdata_ci4\project-root\vendor\codeigniter4\framework\system\CodeIgniter.php(368): CodeIgniter\CodeIgniter->tryToRouteIt(Object(CodeIgniter\Router\RouteCollection))
#3 D:\xampp\htdocs\bixdata_ci4\project-root\vendor\codeigniter4\framework\system\CodeIgniter.php(326): CodeIgniter\CodeIgniter->handleRequest(NULL, Object(Config\Cache), false)
#4 D:\xampp\htdocs\bixdata_ci4\project-root\public\index.php(37): CodeIgniter\CodeIgniter->run()
#5 {main}
