CRITICAL - 2022-08-16 09:12:26 --> syntax error, unexpected 'bool' (T_STRING), expecting function (T_FUNCTION) or const (T_CONST)
#0 D:\xampp\htdocs\bixdata_ci4\project-root\vendor\codeigniter4\framework\system\Autoloader\Autoloader.php(241): CodeIgniter\Autoloader\Autoloader->includeFile('D:\\xampp\\htdocs...')
#1 D:\xampp\htdocs\bixdata_ci4\project-root\vendor\codeigniter4\framework\system\Autoloader\Autoloader.php(219): CodeIgniter\Autoloader\Autoloader->loadInNamespace('Config\\Feature')
#2 [internal function]: CodeIgniter\Autoloader\Autoloader->loadClass('Config\\Feature')
#3 [internal function]: spl_autoload_call('Config\\Feature')
#4 D:\xampp\htdocs\bixdata_ci4\project-root\vendor\codeigniter4\framework\system\Config\Factories.php(136): class_exists('Config\\Feature')
#5 D:\xampp\htdocs\bixdata_ci4\project-root\vendor\codeigniter4\framework\system\Config\Factories.php(106): CodeIgniter\Config\Factories::locateClass(Array, 'Feature')
#6 D:\xampp\htdocs\bixdata_ci4\project-root\vendor\codeigniter4\framework\system\Common.php(198): CodeIgniter\Config\Factories::__callStatic('config', Array)
#7 D:\xampp\htdocs\bixdata_ci4\project-root\vendor\codeigniter4\framework\system\CodeIgniter.php(738): config('Feature')
#8 D:\xampp\htdocs\bixdata_ci4\project-root\vendor\codeigniter4\framework\system\CodeIgniter.php(368): CodeIgniter\CodeIgniter->tryToRouteIt(Object(CodeIgniter\Router\RouteCollection))
#9 D:\xampp\htdocs\bixdata_ci4\project-root\vendor\codeigniter4\framework\system\CodeIgniter.php(326): CodeIgniter\CodeIgniter->handleRequest(NULL, Object(Config\Cache), false)
#10 D:\xampp\htdocs\bixdata_ci4\project-root\public\index.php(37): CodeIgniter\CodeIgniter->run()
#11 {main}
CRITICAL - 2022-08-16 09:12:30 --> syntax error, unexpected 'bool' (T_STRING), expecting function (T_FUNCTION) or const (T_CONST)
#0 D:\xampp\htdocs\bixdata_ci4\project-root\vendor\codeigniter4\framework\system\Autoloader\Autoloader.php(241): CodeIgniter\Autoloader\Autoloader->includeFile('D:\\xampp\\htdocs...')
#1 D:\xampp\htdocs\bixdata_ci4\project-root\vendor\codeigniter4\framework\system\Autoloader\Autoloader.php(219): CodeIgniter\Autoloader\Autoloader->loadInNamespace('Config\\Feature')
#2 [internal function]: CodeIgniter\Autoloader\Autoloader->loadClass('Config\\Feature')
#3 [internal function]: spl_autoload_call('Config\\Feature')
#4 D:\xampp\htdocs\bixdata_ci4\project-root\vendor\codeigniter4\framework\system\Config\Factories.php(136): class_exists('Config\\Feature')
#5 D:\xampp\htdocs\bixdata_ci4\project-root\vendor\codeigniter4\framework\system\Config\Factories.php(106): CodeIgniter\Config\Factories::locateClass(Array, 'Feature')
#6 D:\xampp\htdocs\bixdata_ci4\project-root\vendor\codeigniter4\framework\system\Common.php(198): CodeIgniter\Config\Factories::__callStatic('config', Array)
#7 D:\xampp\htdocs\bixdata_ci4\project-root\vendor\codeigniter4\framework\system\CodeIgniter.php(738): config('Feature')
#8 D:\xampp\htdocs\bixdata_ci4\project-root\vendor\codeigniter4\framework\system\CodeIgniter.php(368): CodeIgniter\CodeIgniter->tryToRouteIt(Object(CodeIgniter\Router\RouteCollection))
#9 D:\xampp\htdocs\bixdata_ci4\project-root\vendor\codeigniter4\framework\system\CodeIgniter.php(326): CodeIgniter\CodeIgniter->handleRequest(NULL, Object(Config\Cache), false)
#10 D:\xampp\htdocs\bixdata_ci4\project-root\public\index.php(37): CodeIgniter\CodeIgniter->run()
#11 {main}
CRITICAL - 2022-08-16 09:48:08 --> Cannot declare class App\Controllers\Home, because the name is already in use
#0 [internal function]: CodeIgniter\Debug\Exceptions->shutdownHandler()
#1 {main}
CRITICAL - 2022-08-16 09:48:24 --> Cannot declare class App\Controllers\Home, because the name is already in use
#0 [internal function]: CodeIgniter\Debug\Exceptions->shutdownHandler()
#1 {main}
