CRITICAL - 2022-10-04 06:57:03 --> Invalid file: BixView/Loading.php
#0 D:\xampp\htdocs\bixdata_ci4\project-root\vendor\codeigniter4\framework\system\View\View.php(198): CodeIgniter\Exceptions\FrameworkException::forInvalidFile('BixView/Loading...')
#1 D:\xampp\htdocs\bixdata_ci4\project-root\vendor\codeigniter4\framework\system\Common.php(1089): CodeIgniter\View\View->render('BixView/Loading...', Array, true)
#2 D:\xampp\htdocs\bixdata_ci4\project-root\app\Controllers\Bixcontroller.php(60): view('BixView/Loading...')
#3 D:\xampp\htdocs\bixdata_ci4\project-root\vendor\codeigniter4\framework\system\CodeIgniter.php(832): App\Controllers\Bixcontroller->get_test()
#4 D:\xampp\htdocs\bixdata_ci4\project-root\vendor\codeigniter4\framework\system\CodeIgniter.php(419): CodeIgniter\CodeIgniter->runController(Object(App\Controllers\Bixcontroller))
#5 D:\xampp\htdocs\bixdata_ci4\project-root\vendor\codeigniter4\framework\system\CodeIgniter.php(326): CodeIgniter\CodeIgniter->handleRequest(NULL, Object(Config\Cache), false)
#6 D:\xampp\htdocs\bixdata_ci4\project-root\public\index.php(37): CodeIgniter\CodeIgniter->run()
#7 {main}
CRITICAL - 2022-10-04 06:57:32 --> Undefined variable $content
#0 D:\xampp\htdocs\bixdata_ci4\project-root\app\Views\BixView\Test.php(50): CodeIgniter\Debug\Exceptions->errorHandler(2, 'Undefined varia...', 'D:\\xampp\\htdocs...', 50)
#1 D:\xampp\htdocs\bixdata_ci4\project-root\vendor\codeigniter4\framework\system\View\View.php(210): include('D:\\xampp\\htdocs...')
#2 D:\xampp\htdocs\bixdata_ci4\project-root\vendor\codeigniter4\framework\system\View\View.php(213): CodeIgniter\View\View->CodeIgniter\View\{closure}()
#3 D:\xampp\htdocs\bixdata_ci4\project-root\vendor\codeigniter4\framework\system\Common.php(1089): CodeIgniter\View\View->render('BixView/Test.ph...', Array, true)
#4 D:\xampp\htdocs\bixdata_ci4\project-root\app\Controllers\Bixcontroller.php(60): view('BixView/Test.ph...')
#5 D:\xampp\htdocs\bixdata_ci4\project-root\vendor\codeigniter4\framework\system\CodeIgniter.php(832): App\Controllers\Bixcontroller->get_test()
#6 D:\xampp\htdocs\bixdata_ci4\project-root\vendor\codeigniter4\framework\system\CodeIgniter.php(419): CodeIgniter\CodeIgniter->runController(Object(App\Controllers\Bixcontroller))
#7 D:\xampp\htdocs\bixdata_ci4\project-root\vendor\codeigniter4\framework\system\CodeIgniter.php(326): CodeIgniter\CodeIgniter->handleRequest(NULL, Object(Config\Cache), false)
#8 D:\xampp\htdocs\bixdata_ci4\project-root\public\index.php(37): CodeIgniter\CodeIgniter->run()
#9 {main}
CRITICAL - 2022-10-04 06:57:36 --> Undefined variable $content
#0 D:\xampp\htdocs\bixdata_ci4\project-root\app\Views\BixView\Test.php(50): CodeIgniter\Debug\Exceptions->errorHandler(2, 'Undefined varia...', 'D:\\xampp\\htdocs...', 50)
#1 D:\xampp\htdocs\bixdata_ci4\project-root\vendor\codeigniter4\framework\system\View\View.php(210): include('D:\\xampp\\htdocs...')
#2 D:\xampp\htdocs\bixdata_ci4\project-root\vendor\codeigniter4\framework\system\View\View.php(213): CodeIgniter\View\View->CodeIgniter\View\{closure}()
#3 D:\xampp\htdocs\bixdata_ci4\project-root\vendor\codeigniter4\framework\system\Common.php(1089): CodeIgniter\View\View->render('BixView/Test.ph...', Array, true)
#4 D:\xampp\htdocs\bixdata_ci4\project-root\app\Controllers\Bixcontroller.php(60): view('BixView/Test.ph...')
#5 D:\xampp\htdocs\bixdata_ci4\project-root\vendor\codeigniter4\framework\system\CodeIgniter.php(832): App\Controllers\Bixcontroller->get_test()
#6 D:\xampp\htdocs\bixdata_ci4\project-root\vendor\codeigniter4\framework\system\CodeIgniter.php(419): CodeIgniter\CodeIgniter->runController(Object(App\Controllers\Bixcontroller))
#7 D:\xampp\htdocs\bixdata_ci4\project-root\vendor\codeigniter4\framework\system\CodeIgniter.php(326): CodeIgniter\CodeIgniter->handleRequest(NULL, Object(Config\Cache), false)
#8 D:\xampp\htdocs\bixdata_ci4\project-root\public\index.php(37): CodeIgniter\CodeIgniter->run()
#9 {main}
CRITICAL - 2022-10-04 06:58:00 --> Undefined variable $content
#0 D:\xampp\htdocs\bixdata_ci4\project-root\app\Views\BixView\Test.php(50): CodeIgniter\Debug\Exceptions->errorHandler(2, 'Undefined varia...', 'D:\\xampp\\htdocs...', 50)
#1 D:\xampp\htdocs\bixdata_ci4\project-root\vendor\codeigniter4\framework\system\View\View.php(210): include('D:\\xampp\\htdocs...')
#2 D:\xampp\htdocs\bixdata_ci4\project-root\vendor\codeigniter4\framework\system\View\View.php(213): CodeIgniter\View\View->CodeIgniter\View\{closure}()
#3 D:\xampp\htdocs\bixdata_ci4\project-root\vendor\codeigniter4\framework\system\Common.php(1089): CodeIgniter\View\View->render('BixView/Test.ph...', Array, true)
#4 D:\xampp\htdocs\bixdata_ci4\project-root\app\Controllers\Bixcontroller.php(60): view('BixView/Test.ph...')
#5 D:\xampp\htdocs\bixdata_ci4\project-root\vendor\codeigniter4\framework\system\CodeIgniter.php(832): App\Controllers\Bixcontroller->get_test()
#6 D:\xampp\htdocs\bixdata_ci4\project-root\vendor\codeigniter4\framework\system\CodeIgniter.php(419): CodeIgniter\CodeIgniter->runController(Object(App\Controllers\Bixcontroller))
#7 D:\xampp\htdocs\bixdata_ci4\project-root\vendor\codeigniter4\framework\system\CodeIgniter.php(326): CodeIgniter\CodeIgniter->handleRequest(NULL, Object(Config\Cache), false)
#8 D:\xampp\htdocs\bixdata_ci4\project-root\public\index.php(37): CodeIgniter\CodeIgniter->run()
#9 {main}
